<?xml version="1.0" encoding="UTF-8"?>
<!-- Generated by org.testng.reporters.JUnitReportReporter -->
<testsuite hostname="DESKTOP-O29OAAI" failures="0" tests="4" name="NewFeatures.ScreenShot" time="34.951" errors="0" timestamp="2024-07-07T10:41:22 IST" skipped="0">
  <testcase classname="NewFeatures.ScreenShot" name="screenShot" time="4.600"/>
  <testcase classname="NewFeatures.ScreenShot" name="location" time="5.108"/>
  <testcase classname="NewFeatures.ScreenShot" name="openNewTab" time="11.197"/>
  <testcase classname="NewFeatures.ScreenShot" name="openNewWindow" time="14.046"/>
</testsuite> <!-- NewFeatures.ScreenShot -->
