<?xml version="1.0" encoding="UTF-8"?>
<!-- Generated by org.testng.reporters.JUnitReportReporter -->
<testsuite hostname="DESKTOP-O29OAAI" failures="0" tests="4" name="NewFeatures.SeleniumFeatures" time="37.821" errors="0" timestamp="2024-07-07T10:49:36 IST" skipped="0">
  <testcase classname="NewFeatures.SeleniumFeatures" name="screenShot" time="6.847"/>
  <testcase classname="NewFeatures.SeleniumFeatures" name="openNewTab" time="9.420"/>
  <testcase classname="NewFeatures.SeleniumFeatures" name="location" time="7.389"/>
  <testcase classname="NewFeatures.SeleniumFeatures" name="openNewWindow" time="14.165"/>
</testsuite> <!-- NewFeatures.SeleniumFeatures -->
